<?xml version="1.0" encoding="UTF-8"?>
<!-- Generated by org.testng.reporters.JUnitReportReporter -->
<testsuite hostname="Biswajit-PC" name="com.ubique.test.OpeningPage" tests="1" failures="0" timestamp="13 Sep 2014 06:35:46 GMT" time="0.004" errors="0">
  <testcase name="Mo" time="0.004" classname="com.ubique.test.OpeningPage"/>
</testsuite> <!-- com.ubique.test.OpeningPage -->
